c:\users\uhadyatu\documents\visual studio 2017\Projects\corefirst\corefirst\dist\out-tsc\src\app\app.component.js
c:\users\uhadyatu\documents\visual studio 2017\Projects\corefirst\corefirst\dist\out-tsc\src\app\app.component.js.map
c:\users\uhadyatu\documents\visual studio 2017\Projects\corefirst\corefirst\dist\out-tsc\src\app\app.module.js
c:\users\uhadyatu\documents\visual studio 2017\Projects\corefirst\corefirst\dist\out-tsc\src\app\app.module.js.map
c:\users\uhadyatu\documents\visual studio 2017\Projects\corefirst\corefirst\dist\out-tsc\src\environments\environment.js
c:\users\uhadyatu\documents\visual studio 2017\Projects\corefirst\corefirst\dist\out-tsc\src\environments\environment.js.map
c:\users\uhadyatu\documents\visual studio 2017\Projects\corefirst\corefirst\dist\out-tsc\src\main.js
c:\users\uhadyatu\documents\visual studio 2017\Projects\corefirst\corefirst\dist\out-tsc\src\main.js.map
c:\users\uhadyatu\documents\visual studio 2017\Projects\corefirst\corefirst\dist\out-tsc\src\polyfills.js
c:\users\uhadyatu\documents\visual studio 2017\Projects\corefirst\corefirst\dist\out-tsc\src\polyfills.js.map
c:\users\uhadyatu\documents\visual studio 2017\Projects\corefirst\corefirst\dist\out-tsc\src\test.js
c:\users\uhadyatu\documents\visual studio 2017\Projects\corefirst\corefirst\dist\out-tsc\src\test.js.map
c:\users\uhadyatu\documents\visual studio 2017\Projects\corefirst\corefirst\dist\out-tsc\src\environments\environment.prod.js
c:\users\uhadyatu\documents\visual studio 2017\Projects\corefirst\corefirst\dist\out-tsc\src\environments\environment.prod.js.map
c:\users\uhadyatu\documents\visual studio 2017\Projects\corefirst\corefirst\dist\out-tsc\src\app\app.component.spec.js
c:\users\uhadyatu\documents\visual studio 2017\Projects\corefirst\corefirst\dist\out-tsc\src\app\app.component.spec.js.map
c:\users\uhadyatu\documents\visual studio 2017\Projects\corefirst\corefirst\dist\out-tsc\e2e\app.po.js
c:\users\uhadyatu\documents\visual studio 2017\Projects\corefirst\corefirst\dist\out-tsc\e2e\app.po.js.map
c:\users\uhadyatu\documents\visual studio 2017\Projects\corefirst\corefirst\dist\out-tsc\e2e\app.e2e-spec.js
c:\users\uhadyatu\documents\visual studio 2017\Projects\corefirst\corefirst\dist\out-tsc\e2e\app.e2e-spec.js.map
c:\users\uhadyatu\documents\visual studio 2017\Projects\corefirst\corefirst\dist\out-tsc\src\app\app.component.js
c:\users\uhadyatu\documents\visual studio 2017\Projects\corefirst\corefirst\dist\out-tsc\src\app\app.component.js.map
c:\users\uhadyatu\documents\visual studio 2017\Projects\corefirst\corefirst\dist\out-tsc\src\app\app.module.js
c:\users\uhadyatu\documents\visual studio 2017\Projects\corefirst\corefirst\dist\out-tsc\src\app\app.module.js.map
c:\users\uhadyatu\documents\visual studio 2017\Projects\corefirst\corefirst\dist\out-tsc\src\environments\environment.js
c:\users\uhadyatu\documents\visual studio 2017\Projects\corefirst\corefirst\dist\out-tsc\src\environments\environment.js.map
c:\users\uhadyatu\documents\visual studio 2017\Projects\corefirst\corefirst\dist\out-tsc\src\main.js
c:\users\uhadyatu\documents\visual studio 2017\Projects\corefirst\corefirst\dist\out-tsc\src\main.js.map
c:\users\uhadyatu\documents\visual studio 2017\Projects\corefirst\corefirst\dist\out-tsc\src\polyfills.js
c:\users\uhadyatu\documents\visual studio 2017\Projects\corefirst\corefirst\dist\out-tsc\src\polyfills.js.map
c:\users\uhadyatu\documents\visual studio 2017\Projects\corefirst\corefirst\dist\out-tsc\src\test.js
c:\users\uhadyatu\documents\visual studio 2017\Projects\corefirst\corefirst\dist\out-tsc\src\test.js.map
c:\users\uhadyatu\documents\visual studio 2017\Projects\corefirst\corefirst\dist\out-tsc\src\environments\environment.prod.js
c:\users\uhadyatu\documents\visual studio 2017\Projects\corefirst\corefirst\dist\out-tsc\src\environments\environment.prod.js.map
c:\users\uhadyatu\documents\visual studio 2017\Projects\corefirst\corefirst\dist\out-tsc\src\app\app.component.spec.js
c:\users\uhadyatu\documents\visual studio 2017\Projects\corefirst\corefirst\dist\out-tsc\src\app\app.component.spec.js.map
c:\users\uhadyatu\documents\visual studio 2017\Projects\corefirst\corefirst\dist\out-tsc\e2e\app.po.js
c:\users\uhadyatu\documents\visual studio 2017\Projects\corefirst\corefirst\dist\out-tsc\e2e\app.po.js.map
c:\users\uhadyatu\documents\visual studio 2017\Projects\corefirst\corefirst\dist\out-tsc\e2e\app.e2e-spec.js
c:\users\uhadyatu\documents\visual studio 2017\Projects\corefirst\corefirst\dist\out-tsc\e2e\app.e2e-spec.js.map
